0 info it worked if it ends with ok
1 verbose cli [ '/Users/raymo/.nvm/versions/node/v6.12.0/bin/node',
1 verbose cli   '/Users/raymo/.nvm/versions/node/v6.12.0/bin/npm',
1 verbose cli   'install' ]
2 info using npm@3.10.10
3 info using node@v6.12.0
4 silly loadCurrentTree Starting
5 silly install loadCurrentTree
6 silly install readLocalPackageData
7 silly install normalizeTree
8 silly loadCurrentTree Finishing
9 silly loadIdealTree Starting
10 silly install loadIdealTree
11 silly cloneCurrentTree Starting
12 silly install cloneCurrentTreeToIdealTree
13 silly cloneCurrentTree Finishing
14 silly loadShrinkwrap Starting
15 silly install loadShrinkwrap
16 silly loadShrinkwrap Finishing
17 silly loadAllDepsIntoIdealTree Starting
18 silly install loadAllDepsIntoIdealTree
19 silly fetchNamedPackageData @talentui/get-babel-config
20 silly mapToRegistry name @talentui/get-babel-config
21 silly mapToRegistry scope (from package name) @talentui
22 verbose mapToRegistry no registry URL found in name for scope @talentui
23 silly mapToRegistry using default registry
24 silly mapToRegistry registry https://registry.npmjs.org/
25 silly mapToRegistry data Result {
25 silly mapToRegistry   raw: '@talentui/get-babel-config',
25 silly mapToRegistry   scope: '@talentui',
25 silly mapToRegistry   escapedName: '@talentui%2fget-babel-config',
25 silly mapToRegistry   name: '@talentui/get-babel-config',
25 silly mapToRegistry   rawSpec: '',
25 silly mapToRegistry   spec: 'latest',
25 silly mapToRegistry   type: 'tag' }
26 silly mapToRegistry uri https://registry.npmjs.org/@talentui%2fget-babel-config
27 silly fetchNamedPackageData @types/jest
28 silly mapToRegistry name @types/jest
29 silly mapToRegistry scope (from package name) @types
30 verbose mapToRegistry no registry URL found in name for scope @types
31 silly mapToRegistry using default registry
32 silly mapToRegistry registry https://registry.npmjs.org/
33 silly mapToRegistry data Result {
33 silly mapToRegistry   raw: '@types/jest',
33 silly mapToRegistry   scope: '@types',
33 silly mapToRegistry   escapedName: '@types%2fjest',
33 silly mapToRegistry   name: '@types/jest',
33 silly mapToRegistry   rawSpec: '',
33 silly mapToRegistry   spec: 'latest',
33 silly mapToRegistry   type: 'tag' }
34 silly mapToRegistry uri https://registry.npmjs.org/@types%2fjest
35 silly fetchNamedPackageData babel-jest
36 silly mapToRegistry name babel-jest
37 silly mapToRegistry using default registry
38 silly mapToRegistry registry https://registry.npmjs.org/
39 silly mapToRegistry data Result {
39 silly mapToRegistry   raw: 'babel-jest',
39 silly mapToRegistry   scope: null,
39 silly mapToRegistry   escapedName: 'babel-jest',
39 silly mapToRegistry   name: 'babel-jest',
39 silly mapToRegistry   rawSpec: '',
39 silly mapToRegistry   spec: 'latest',
39 silly mapToRegistry   type: 'tag' }
40 silly mapToRegistry uri https://registry.npmjs.org/babel-jest
41 silly fetchNamedPackageData ts-jest
42 silly mapToRegistry name ts-jest
43 silly mapToRegistry using default registry
44 silly mapToRegistry registry https://registry.npmjs.org/
45 silly mapToRegistry data Result {
45 silly mapToRegistry   raw: 'ts-jest',
45 silly mapToRegistry   scope: null,
45 silly mapToRegistry   escapedName: 'ts-jest',
45 silly mapToRegistry   name: 'ts-jest',
45 silly mapToRegistry   rawSpec: '',
45 silly mapToRegistry   spec: 'latest',
45 silly mapToRegistry   type: 'tag' }
46 silly mapToRegistry uri https://registry.npmjs.org/ts-jest
47 verbose request uri https://registry.npmjs.org/@talentui%2fget-babel-config
48 verbose request no auth needed
49 info attempt registry request try #1 at 1:09:51 PM
50 verbose request using bearer token for auth
51 verbose request id 1aa4d4f9694cc730
52 verbose etag W/"5a150455-373d"
53 verbose lastModified Wed, 22 Nov 2017 05:00:05 GMT
54 http request GET https://registry.npmjs.org/@talentui%2fget-babel-config
55 verbose request uri https://registry.npmjs.org/@types%2fjest
56 verbose request no auth needed
57 info attempt registry request try #1 at 1:09:51 PM
58 verbose request using bearer token for auth
59 verbose etag W/"5a0681e7-dea6"
60 verbose lastModified Sat, 11 Nov 2017 04:51:51 GMT
61 http request GET https://registry.npmjs.org/@types%2fjest
62 verbose request uri https://registry.npmjs.org/babel-jest
63 verbose request no auth needed
64 info attempt registry request try #1 at 1:09:51 PM
65 verbose request using bearer token for auth
66 verbose etag W/"5a01f0e5-1c039"
67 verbose lastModified Tue, 07 Nov 2017 17:44:05 GMT
68 http request GET https://registry.npmjs.org/babel-jest
69 verbose request uri https://registry.npmjs.org/ts-jest
70 verbose request no auth needed
71 info attempt registry request try #1 at 1:09:51 PM
72 verbose request using bearer token for auth
73 verbose etag W/"5a0e6459-3064f"
74 verbose lastModified Fri, 17 Nov 2017 04:23:53 GMT
75 http request GET https://registry.npmjs.org/ts-jest
76 http 304 https://registry.npmjs.org/ts-jest
77 verbose headers { server: 'nginx/1.10.3',
77 verbose headers   'last-modified': 'Fri, 17 Nov 2017 04:23:53 GMT',
77 verbose headers   etag: '"5a0e6459-3064f"',
77 verbose headers   'cache-control': 'max-age=300',
77 verbose headers   'accept-ranges': 'bytes',
77 verbose headers   date: 'Wed, 22 Nov 2017 05:09:52 GMT',
77 verbose headers   via: '1.1 varnish',
77 verbose headers   connection: 'keep-alive',
77 verbose headers   'x-served-by': 'cache-bur17532-BUR',
77 verbose headers   'x-cache': 'MISS',
77 verbose headers   'x-cache-hits': '0',
77 verbose headers   'x-timer': 'S1511327392.028575,VS0,VE59',
77 verbose headers   vary: 'Accept-Encoding, Accept' }
78 silly get cb [ 304,
78 silly get   { server: 'nginx/1.10.3',
78 silly get     'last-modified': 'Fri, 17 Nov 2017 04:23:53 GMT',
78 silly get     etag: '"5a0e6459-3064f"',
78 silly get     'cache-control': 'max-age=300',
78 silly get     'accept-ranges': 'bytes',
78 silly get     date: 'Wed, 22 Nov 2017 05:09:52 GMT',
78 silly get     via: '1.1 varnish',
78 silly get     connection: 'keep-alive',
78 silly get     'x-served-by': 'cache-bur17532-BUR',
78 silly get     'x-cache': 'MISS',
78 silly get     'x-cache-hits': '0',
78 silly get     'x-timer': 'S1511327392.028575,VS0,VE59',
78 silly get     vary: 'Accept-Encoding, Accept' } ]
79 verbose etag https://registry.npmjs.org/ts-jest from cache
80 verbose get saving ts-jest to /Users/raymo/.npm/registry.npmjs.org/ts-jest/.cache.json
81 verbose correctMkdir /Users/raymo/.npm correctMkdir not in flight; initializing
82 http 304 https://registry.npmjs.org/@talentui%2fget-babel-config
83 verbose headers { server: 'nginx/1.10.3',
83 verbose headers   'last-modified': 'Wed, 22 Nov 2017 05:00:05 GMT',
83 verbose headers   etag: '"5a150455-373d"',
83 verbose headers   'cache-control': 'max-age=0',
83 verbose headers   'accept-ranges': 'bytes',
83 verbose headers   date: 'Wed, 22 Nov 2017 05:09:52 GMT',
83 verbose headers   via: '1.1 varnish',
83 verbose headers   connection: 'keep-alive',
83 verbose headers   'x-served-by': 'cache-bur17535-BUR',
83 verbose headers   'x-cache': 'MISS',
83 verbose headers   'x-cache-hits': '0',
83 verbose headers   'x-timer': 'S1511327392.029520,VS0,VE61' }
84 silly get cb [ 304,
84 silly get   { server: 'nginx/1.10.3',
84 silly get     'last-modified': 'Wed, 22 Nov 2017 05:00:05 GMT',
84 silly get     etag: '"5a150455-373d"',
84 silly get     'cache-control': 'max-age=0',
84 silly get     'accept-ranges': 'bytes',
84 silly get     date: 'Wed, 22 Nov 2017 05:09:52 GMT',
84 silly get     via: '1.1 varnish',
84 silly get     connection: 'keep-alive',
84 silly get     'x-served-by': 'cache-bur17535-BUR',
84 silly get     'x-cache': 'MISS',
84 silly get     'x-cache-hits': '0',
84 silly get     'x-timer': 'S1511327392.029520,VS0,VE61' } ]
85 verbose etag https://registry.npmjs.org/@talentui%2fget-babel-config from cache
86 verbose get saving @talentui/get-babel-config to /Users/raymo/.npm/registry.npmjs.org/_40talentui_252fget-babel-config/.cache.json
87 verbose correctMkdir /Users/raymo/.npm correctMkdir already in flight; waiting
88 silly fetchNamedPackageData No valid target from cache, forcing network
89 verbose request uri https://registry.npmjs.org/@talentui%2fget-babel-config
90 verbose request no auth needed
91 info attempt registry request try #1 at 1:09:52 PM
92 verbose request using bearer token for auth
93 http request GET https://registry.npmjs.org/@talentui%2fget-babel-config
94 silly resolveWithNewModule ts-jest@21.2.3 checking installable status
95 silly cache add args [ 'ts-jest@^21.0.1', null ]
96 verbose cache add spec ts-jest@^21.0.1
97 silly cache add parsed spec Result {
97 silly cache add   raw: 'ts-jest@^21.0.1',
97 silly cache add   scope: null,
97 silly cache add   escapedName: 'ts-jest',
97 silly cache add   name: 'ts-jest',
97 silly cache add   rawSpec: '^21.0.1',
97 silly cache add   spec: '>=21.0.1 <22.0.0',
97 silly cache add   type: 'range' }
98 silly addNamed ts-jest@>=21.0.1 <22.0.0
99 verbose addNamed ">=21.0.1 <22.0.0" is a valid semver range for ts-jest
100 silly addNameRange { name: 'ts-jest', range: '>=21.0.1 <22.0.0', hasData: false }
101 silly mapToRegistry name ts-jest
102 silly mapToRegistry using default registry
103 silly mapToRegistry registry https://registry.npmjs.org/
104 silly mapToRegistry data Result {
104 silly mapToRegistry   raw: 'ts-jest',
104 silly mapToRegistry   scope: null,
104 silly mapToRegistry   escapedName: 'ts-jest',
104 silly mapToRegistry   name: 'ts-jest',
104 silly mapToRegistry   rawSpec: '',
104 silly mapToRegistry   spec: 'latest',
104 silly mapToRegistry   type: 'tag' }
105 silly mapToRegistry uri https://registry.npmjs.org/ts-jest
106 verbose addNameRange registry:https://registry.npmjs.org/ts-jest not in flight; fetching
107 verbose get https://registry.npmjs.org/ts-jest not expired, no request
108 silly addNameRange number 2 { name: 'ts-jest', range: '>=21.0.1 <22.0.0', hasData: true }
109 silly addNameRange versions [ 'ts-jest',
109 silly addNameRange   [ '0.0.1',
109 silly addNameRange     '0.1.0',
109 silly addNameRange     '0.1.1',
109 silly addNameRange     '0.1.2',
109 silly addNameRange     '0.1.3',
109 silly addNameRange     '0.1.4',
109 silly addNameRange     '0.1.5',
109 silly addNameRange     '0.1.6',
109 silly addNameRange     '0.1.7',
109 silly addNameRange     '0.1.8',
109 silly addNameRange     '0.1.9',
109 silly addNameRange     '0.1.10',
109 silly addNameRange     '0.1.11',
109 silly addNameRange     '0.1.13',
109 silly addNameRange     '17.0.0',
109 silly addNameRange     '17.0.1',
109 silly addNameRange     '17.0.2',
109 silly addNameRange     '17.0.3',
109 silly addNameRange     '18.0.0',
109 silly addNameRange     '18.0.1',
109 silly addNameRange     '18.0.2',
109 silly addNameRange     '18.0.3',
109 silly addNameRange     '19.0.0',
109 silly addNameRange     '19.0.1',
109 silly addNameRange     '19.0.2',
109 silly addNameRange     '19.0.3',
109 silly addNameRange     '19.0.4',
109 silly addNameRange     '19.0.5',
109 silly addNameRange     '19.0.6',
109 silly addNameRange     '19.0.7',
109 silly addNameRange     '19.0.8',
109 silly addNameRange     '19.0.9',
109 silly addNameRange     '19.0.10',
109 silly addNameRange     '19.0.11',
109 silly addNameRange     '19.0.12',
109 silly addNameRange     '19.0.13',
109 silly addNameRange     '19.0.14',
109 silly addNameRange     '20.0.0',
109 silly addNameRange     '20.0.1',
109 silly addNameRange     '20.0.2',
109 silly addNameRange     '20.0.3',
109 silly addNameRange     '20.0.4',
109 silly addNameRange     '20.0.5',
109 silly addNameRange     '20.0.6',
109 silly addNameRange     '20.0.7',
109 silly addNameRange     '20.0.8',
109 silly addNameRange     '20.0.9',
109 silly addNameRange     '20.0.10',
109 silly addNameRange     '20.0.11',
109 silly addNameRange     '20.0.12',
109 silly addNameRange     '20.0.13',
109 silly addNameRange     '20.0.14',
109 silly addNameRange     '21.0.0',
109 silly addNameRange     '21.0.1',
109 silly addNameRange     '21.1.0',
109 silly addNameRange     '21.1.1',
109 silly addNameRange     '21.1.2',
109 silly addNameRange     '21.1.3',
109 silly addNameRange     '21.1.4',
109 silly addNameRange     '21.2.0',
109 silly addNameRange     '21.2.1',
109 silly addNameRange     '21.2.2',
109 silly addNameRange     '21.2.3' ] ]
110 silly addNamed ts-jest@21.2.3
111 verbose addNamed "21.2.3" is a plain semver version for ts-jest
112 silly cache afterAdd ts-jest@21.2.3
113 verbose afterAdd /Users/raymo/.npm/ts-jest/21.2.3/package/package.json not in flight; writing
114 verbose correctMkdir /Users/raymo/.npm correctMkdir not in flight; initializing
115 verbose afterAdd /Users/raymo/.npm/ts-jest/21.2.3/package/package.json written
116 http 304 https://registry.npmjs.org/babel-jest
117 verbose headers { server: 'nginx/1.10.3',
117 verbose headers   'last-modified': 'Tue, 07 Nov 2017 17:44:05 GMT',
117 verbose headers   etag: '"5a01f0e5-1c039"',
117 verbose headers   'cache-control': 'max-age=300',
117 verbose headers   'accept-ranges': 'bytes',
117 verbose headers   date: 'Wed, 22 Nov 2017 05:09:52 GMT',
117 verbose headers   via: '1.1 varnish',
117 verbose headers   connection: 'keep-alive',
117 verbose headers   'x-served-by': 'cache-bur17529-BUR',
117 verbose headers   'x-cache': 'MISS',
117 verbose headers   'x-cache-hits': '0',
117 verbose headers   'x-timer': 'S1511327392.027219,VS0,VE155',
117 verbose headers   vary: 'Accept-Encoding, Accept' }
118 silly get cb [ 304,
118 silly get   { server: 'nginx/1.10.3',
118 silly get     'last-modified': 'Tue, 07 Nov 2017 17:44:05 GMT',
118 silly get     etag: '"5a01f0e5-1c039"',
118 silly get     'cache-control': 'max-age=300',
118 silly get     'accept-ranges': 'bytes',
118 silly get     date: 'Wed, 22 Nov 2017 05:09:52 GMT',
118 silly get     via: '1.1 varnish',
118 silly get     connection: 'keep-alive',
118 silly get     'x-served-by': 'cache-bur17529-BUR',
118 silly get     'x-cache': 'MISS',
118 silly get     'x-cache-hits': '0',
118 silly get     'x-timer': 'S1511327392.027219,VS0,VE155',
118 silly get     vary: 'Accept-Encoding, Accept' } ]
119 verbose etag https://registry.npmjs.org/babel-jest from cache
120 verbose get saving babel-jest to /Users/raymo/.npm/registry.npmjs.org/babel-jest/.cache.json
121 verbose correctMkdir /Users/raymo/.npm correctMkdir not in flight; initializing
122 silly resolveWithNewModule babel-jest@21.2.0 checking installable status
123 silly cache add args [ 'babel-jest@^21.2.0', null ]
124 verbose cache add spec babel-jest@^21.2.0
125 silly cache add parsed spec Result {
125 silly cache add   raw: 'babel-jest@^21.2.0',
125 silly cache add   scope: null,
125 silly cache add   escapedName: 'babel-jest',
125 silly cache add   name: 'babel-jest',
125 silly cache add   rawSpec: '^21.2.0',
125 silly cache add   spec: '>=21.2.0 <22.0.0',
125 silly cache add   type: 'range' }
126 silly addNamed babel-jest@>=21.2.0 <22.0.0
127 verbose addNamed ">=21.2.0 <22.0.0" is a valid semver range for babel-jest
128 silly addNameRange { name: 'babel-jest', range: '>=21.2.0 <22.0.0', hasData: false }
129 silly mapToRegistry name babel-jest
130 silly mapToRegistry using default registry
131 silly mapToRegistry registry https://registry.npmjs.org/
132 silly mapToRegistry data Result {
132 silly mapToRegistry   raw: 'babel-jest',
132 silly mapToRegistry   scope: null,
132 silly mapToRegistry   escapedName: 'babel-jest',
132 silly mapToRegistry   name: 'babel-jest',
132 silly mapToRegistry   rawSpec: '',
132 silly mapToRegistry   spec: 'latest',
132 silly mapToRegistry   type: 'tag' }
133 silly mapToRegistry uri https://registry.npmjs.org/babel-jest
134 verbose addNameRange registry:https://registry.npmjs.org/babel-jest not in flight; fetching
135 verbose get https://registry.npmjs.org/babel-jest not expired, no request
136 silly addNameRange number 2 { name: 'babel-jest', range: '>=21.2.0 <22.0.0', hasData: true }
137 silly addNameRange versions [ 'babel-jest',
137 silly addNameRange   [ '4.0.0',
137 silly addNameRange     '5.0.0',
137 silly addNameRange     '5.0.1',
137 silly addNameRange     '5.2.0',
137 silly addNameRange     '5.2.1',
137 silly addNameRange     '5.3.0',
137 silly addNameRange     '6.0.0',
137 silly addNameRange     '6.0.1',
137 silly addNameRange     '9.0.0',
137 silly addNameRange     '9.0.1',
137 silly addNameRange     '9.0.2',
137 silly addNameRange     '9.0.3',
137 silly addNameRange     '10.0.1',
137 silly addNameRange     '10.0.2',
137 silly addNameRange     '11.0.0',
137 silly addNameRange     '11.0.1',
137 silly addNameRange     '11.0.2',
137 silly addNameRange     '12.0.0',
137 silly addNameRange     '12.0.1',
137 silly addNameRange     '12.0.2',
137 silly addNameRange     '12.1.0',
137 silly addNameRange     '12.1.1-alpha.2935e14d',
137 silly addNameRange     '12.1.2-alpha.a482b15c',
137 silly addNameRange     '12.1.2-alpha.6230044c',
137 silly addNameRange     '12.1.3-alpha.6230044c',
137 silly addNameRange     '12.1.4-alpha.a737c6e5',
137 silly addNameRange     '12.1.5-alpha.b5322422',
137 silly addNameRange     '13.0.0',
137 silly addNameRange     '13.2.1',
137 silly addNameRange     '13.2.2',
137 silly addNameRange     '13.3.0-alpha.a44f195f',
137 silly addNameRange     '13.3.0-alpha.4eb0c908',
137 silly addNameRange     '13.2.3-alpha.ffc7404b',
137 silly addNameRange     '13.3.0-alpha.ffc7404b',
137 silly addNameRange     '13.3.0-alpha.8b48d59e',
137 silly addNameRange     '13.3.0-alpha.g8b48d59',
137 silly addNameRange     '13.4.0-alpha.d2632006',
137 silly addNameRange     '14.0.0',
137 silly addNameRange     '14.0.1',
137 silly addNameRange     '14.0.2',
137 silly addNameRange     '14.1.0',
137 silly addNameRange     '14.2.0-alpha.ca8bfb6e',
137 silly addNameRange     '14.2.1-alpha.e21d71a4',
137 silly addNameRange     '14.2.2-alpha.22bd3c33',
137 silly addNameRange     '14.3.0-alpha.d13c163e',
137 silly addNameRange     '14.3.1-alpha.410cb91a',
137 silly addNameRange     '14.3.2-alpha.83c25417',
137 silly addNameRange     '15.0.0',
137 silly addNameRange     '15.2.0-alpha.c681f819',
137 silly addNameRange     '16.0.0',
137 silly addNameRange     '16.1.0-alpha.691b0e22',
137 silly addNameRange     '17.0.0',
137 silly addNameRange     '17.0.2',
137 silly addNameRange     '18.0.0',
137 silly addNameRange     '18.5.0-alpha.7da3df39',
137 silly addNameRange     '19.0.0',
137 silly addNameRange     '19.1.0-alpha.eed82034',
137 silly addNameRange     '19.2.0-alpha.993e64af',
137 silly addNameRange     '19.3.0-alpha.85402254',
137 silly addNameRange     '20.0.0',
137 silly addNameRange     '20.0.1',
137 silly addNameRange     '20.0.2',
137 silly addNameRange     '20.0.3',
137 silly addNameRange     '20.1.0-alpha.1',
137 silly addNameRange     '20.1.0-alpha.2',
137 silly addNameRange     '20.1.0-alpha.3',
137 silly addNameRange     '20.1.0-beta.1',
137 silly addNameRange     '20.1.0-chi.1',
137 silly addNameRange     '20.1.0-delta.1',
137 silly addNameRange     '20.1.0-delta.2',
137 silly addNameRange     '20.1.0-delta.3',
137 silly addNameRange     '20.1.0-delta.4',
137 silly addNameRange     '20.1.0-delta.5',
137 silly addNameRange     '20.1.0-echo.1',
137 silly addNameRange     '21.0.0-alpha.1',
137 silly addNameRange     '21.0.0-alpha.2',
137 silly addNameRange     '21.0.0-beta.1',
137 silly addNameRange     '21.0.0',
137 silly addNameRange     '21.0.2',
137 silly addNameRange     '21.2.0',
137 silly addNameRange     '21.3.0-alpha.1e3ee68e',
137 silly addNameRange     '21.3.0-alpha.eff7a1cf',
137 silly addNameRange     '21.3.0-beta.1',
137 silly addNameRange     '21.3.0-beta.2',
137 silly addNameRange     '21.3.0-beta.3',
137 silly addNameRange     '21.3.0-beta.4',
137 silly addNameRange     '21.3.0-beta.5',
137 silly addNameRange     '21.3.0-beta.6',
137 silly addNameRange     '21.3.0-beta.7',
137 silly addNameRange     '21.3.0-beta.8' ] ]
138 silly addNamed babel-jest@21.2.0
139 verbose addNamed "21.2.0" is a plain semver version for babel-jest
140 silly cache afterAdd babel-jest@21.2.0
141 verbose afterAdd /Users/raymo/.npm/babel-jest/21.2.0/package/package.json not in flight; writing
142 verbose correctMkdir /Users/raymo/.npm correctMkdir not in flight; initializing
143 http 200 https://registry.npmjs.org/@types%2fjest
144 verbose headers { 'content-type': 'application/json',
144 verbose headers   server: 'nginx/1.10.3',
144 verbose headers   'last-modified': 'Tue, 21 Nov 2017 18:43:09 GMT',
144 verbose headers   etag: 'W/"5a1473bd-e555"',
144 verbose headers   'content-encoding': 'gzip',
144 verbose headers   'cache-control': 'max-age=0',
144 verbose headers   'transfer-encoding': 'chunked',
144 verbose headers   'accept-ranges': 'bytes',
144 verbose headers   date: 'Wed, 22 Nov 2017 05:09:52 GMT',
144 verbose headers   via: '1.1 varnish',
144 verbose headers   connection: 'keep-alive',
144 verbose headers   'x-served-by': 'cache-bur17538-BUR',
144 verbose headers   'x-cache': 'MISS',
144 verbose headers   'x-cache-hits': '0',
144 verbose headers   'x-timer': 'S1511327392.027955,VS0,VE178',
144 verbose headers   vary: 'Accept-Encoding' }
145 silly get cb [ 200,
145 silly get   { 'content-type': 'application/json',
145 silly get     server: 'nginx/1.10.3',
145 silly get     'last-modified': 'Tue, 21 Nov 2017 18:43:09 GMT',
145 silly get     etag: 'W/"5a1473bd-e555"',
145 silly get     'content-encoding': 'gzip',
145 silly get     'cache-control': 'max-age=0',
145 silly get     'transfer-encoding': 'chunked',
145 silly get     'accept-ranges': 'bytes',
145 silly get     date: 'Wed, 22 Nov 2017 05:09:52 GMT',
145 silly get     via: '1.1 varnish',
145 silly get     connection: 'keep-alive',
145 silly get     'x-served-by': 'cache-bur17538-BUR',
145 silly get     'x-cache': 'MISS',
145 silly get     'x-cache-hits': '0',
145 silly get     'x-timer': 'S1511327392.027955,VS0,VE178',
145 silly get     vary: 'Accept-Encoding' } ]
146 verbose get saving @types/jest to /Users/raymo/.npm/registry.npmjs.org/_40types_252fjest/.cache.json
147 verbose correctMkdir /Users/raymo/.npm correctMkdir not in flight; initializing
148 verbose afterAdd /Users/raymo/.npm/babel-jest/21.2.0/package/package.json written
149 silly resolveWithNewModule @types/jest@20.0.8 checking installable status
150 silly cache add args [ '@types/jest@^20.0.8', null ]
151 verbose cache add spec @types/jest@^20.0.8
152 silly cache add parsed spec Result {
152 silly cache add   raw: '@types/jest@^20.0.8',
152 silly cache add   scope: '@types',
152 silly cache add   escapedName: '@types%2fjest',
152 silly cache add   name: '@types/jest',
152 silly cache add   rawSpec: '^20.0.8',
152 silly cache add   spec: '>=20.0.8 <21.0.0',
152 silly cache add   type: 'range' }
153 silly addNamed @types/jest@>=20.0.8 <21.0.0
154 verbose addNamed ">=20.0.8 <21.0.0" is a valid semver range for @types/jest
155 silly addNameRange { name: '@types/jest',
155 silly addNameRange   range: '>=20.0.8 <21.0.0',
155 silly addNameRange   hasData: false }
156 silly mapToRegistry name @types/jest
157 silly mapToRegistry scope (from package name) @types
158 verbose mapToRegistry no registry URL found in name for scope @types
159 silly mapToRegistry using default registry
160 silly mapToRegistry registry https://registry.npmjs.org/
161 silly mapToRegistry data Result {
161 silly mapToRegistry   raw: '@types/jest',
161 silly mapToRegistry   scope: '@types',
161 silly mapToRegistry   escapedName: '@types%2fjest',
161 silly mapToRegistry   name: '@types/jest',
161 silly mapToRegistry   rawSpec: '',
161 silly mapToRegistry   spec: 'latest',
161 silly mapToRegistry   type: 'tag' }
162 silly mapToRegistry uri https://registry.npmjs.org/@types%2fjest
163 verbose addNameRange registry:https://registry.npmjs.org/@types%2fjest not in flight; fetching
164 verbose get https://registry.npmjs.org/@types%2fjest not expired, no request
165 silly addNameRange number 2 { name: '@types/jest', range: '>=20.0.8 <21.0.0', hasData: true }
166 silly addNameRange versions [ '@types/jest',
166 silly addNameRange   [ '0.9.14-alpha',
166 silly addNameRange     '0.9.15-alpha',
166 silly addNameRange     '0.9.20-alpha',
166 silly addNameRange     '0.9.21-alpha',
166 silly addNameRange     '0.9.22-alpha',
166 silly addNameRange     '0.9.23-alpha',
166 silly addNameRange     '0.9.24-alpha',
166 silly addNameRange     '0.9.25-alpha',
166 silly addNameRange     '0.9.26-alpha',
166 silly addNameRange     '0.9.27',
166 silly addNameRange     '0.9.28',
166 silly addNameRange     '0.9.29',
166 silly addNameRange     '0.9.30',
166 silly addNameRange     '0.9.31',
166 silly addNameRange     '15.1.32',
166 silly addNameRange     '16.0.0',
166 silly addNameRange     '16.0.1',
166 silly addNameRange     '16.0.2',
166 silly addNameRange     '16.0.3',
166 silly addNameRange     '16.0.4',
166 silly addNameRange     '16.0.5',
166 silly addNameRange     '18.0.0',
166 silly addNameRange     '16.0.6',
166 silly addNameRange     '18.1.0',
166 silly addNameRange     '18.1.1',
166 silly addNameRange     '16.0.7',
166 silly addNameRange     '19.2.0',
166 silly addNameRange     '19.2.1',
166 silly addNameRange     '19.2.2',
166 silly addNameRange     '19.2.3',
166 silly addNameRange     '19.2.4',
166 silly addNameRange     '20.0.0',
166 silly addNameRange     '20.0.1',
166 silly addNameRange     '20.0.2',
166 silly addNameRange     '20.0.3',
166 silly addNameRange     '20.0.4',
166 silly addNameRange     '20.0.5',
166 silly addNameRange     '20.0.6',
166 silly addNameRange     '20.0.7',
166 silly addNameRange     '20.0.8',
166 silly addNameRange     '21.1.0',
166 silly addNameRange     '21.1.1',
166 silly addNameRange     '21.1.2',
166 silly addNameRange     '21.1.3',
166 silly addNameRange     '21.1.4',
166 silly addNameRange     '21.1.5',
166 silly addNameRange     '21.1.6',
166 silly addNameRange     '21.1.7' ] ]
167 silly addNamed @types/jest@20.0.8
168 verbose addNamed "20.0.8" is a plain semver version for @types/jest
169 silly cache afterAdd @types/jest@20.0.8
170 verbose afterAdd /Users/raymo/.npm/@types/jest/20.0.8/package/package.json not in flight; writing
171 verbose correctMkdir /Users/raymo/.npm correctMkdir not in flight; initializing
172 verbose afterAdd /Users/raymo/.npm/@types/jest/20.0.8/package/package.json written
173 http 200 https://registry.npmjs.org/@talentui%2fget-babel-config
174 verbose headers { 'content-type': 'application/json',
174 verbose headers   server: 'nginx/1.10.3',
174 verbose headers   'last-modified': 'Wed, 22 Nov 2017 05:00:05 GMT',
174 verbose headers   etag: 'W/"5a150455-373d"',
174 verbose headers   'content-encoding': 'gzip',
174 verbose headers   'cache-control': 'max-age=0',
174 verbose headers   'transfer-encoding': 'chunked',
174 verbose headers   'accept-ranges': 'bytes',
174 verbose headers   date: 'Wed, 22 Nov 2017 05:09:52 GMT',
174 verbose headers   via: '1.1 varnish',
174 verbose headers   connection: 'keep-alive',
174 verbose headers   'x-served-by': 'cache-bur17532-BUR',
174 verbose headers   'x-cache': 'MISS',
174 verbose headers   'x-cache-hits': '0',
174 verbose headers   'x-timer': 'S1511327392.287243,VS0,VE76',
174 verbose headers   vary: 'Accept-Encoding' }
175 silly get cb [ 200,
175 silly get   { 'content-type': 'application/json',
175 silly get     server: 'nginx/1.10.3',
175 silly get     'last-modified': 'Wed, 22 Nov 2017 05:00:05 GMT',
175 silly get     etag: 'W/"5a150455-373d"',
175 silly get     'content-encoding': 'gzip',
175 silly get     'cache-control': 'max-age=0',
175 silly get     'transfer-encoding': 'chunked',
175 silly get     'accept-ranges': 'bytes',
175 silly get     date: 'Wed, 22 Nov 2017 05:09:52 GMT',
175 silly get     via: '1.1 varnish',
175 silly get     connection: 'keep-alive',
175 silly get     'x-served-by': 'cache-bur17532-BUR',
175 silly get     'x-cache': 'MISS',
175 silly get     'x-cache-hits': '0',
175 silly get     'x-timer': 'S1511327392.287243,VS0,VE76',
175 silly get     vary: 'Accept-Encoding' } ]
176 verbose get saving @talentui/get-babel-config to /Users/raymo/.npm/registry.npmjs.org/_40talentui_252fget-babel-config/.cache.json
177 verbose correctMkdir /Users/raymo/.npm correctMkdir not in flight; initializing
178 silly fetchPackageMetaData Error: No compatible version found: @talentui/get-babel-config@^7.*-beta.32
178 silly fetchPackageMetaData Valid install targets:
178 silly fetchPackageMetaData 7.0.2-beta.32, 7.0.1-beta.32, 7.0.0-beta.32, 0.1.1, 0.1.0, 0.0.0, 0.0.0-development
178 silly fetchPackageMetaData
178 silly fetchPackageMetaData     at pickVersionFromRegistryDocument (/Users/raymo/.nvm/versions/node/v6.12.0/lib/node_modules/npm/lib/fetch-package-metadata.js:178:16)
178 silly fetchPackageMetaData     at /Users/raymo/.nvm/versions/node/v6.12.0/lib/node_modules/npm/node_modules/iferr/index.js:13:50
178 silly fetchPackageMetaData     at /Users/raymo/.nvm/versions/node/v6.12.0/lib/node_modules/npm/lib/utils/pulse-till-done.js:20:8
178 silly fetchPackageMetaData     at saved (/Users/raymo/.nvm/versions/node/v6.12.0/lib/node_modules/npm/lib/cache/caching-client.js:174:7)
178 silly fetchPackageMetaData     at /Users/raymo/.nvm/versions/node/v6.12.0/lib/node_modules/npm/node_modules/graceful-fs/polyfills.js:241:18
178 silly fetchPackageMetaData     at FSReqWrap.oncomplete (fs.js:123:15)
178 silly fetchPackageMetaData  error for @talentui/get-babel-config@^7.*-beta.32 { Error: No compatible version found: @talentui/get-babel-config@^7.*-beta.32
178 silly fetchPackageMetaData Valid install targets:
178 silly fetchPackageMetaData 7.0.2-beta.32, 7.0.1-beta.32, 7.0.0-beta.32, 0.1.1, 0.1.0, 0.0.0, 0.0.0-development
178 silly fetchPackageMetaData
178 silly fetchPackageMetaData     at pickVersionFromRegistryDocument (/Users/raymo/.nvm/versions/node/v6.12.0/lib/node_modules/npm/lib/fetch-package-metadata.js:178:16)
178 silly fetchPackageMetaData     at /Users/raymo/.nvm/versions/node/v6.12.0/lib/node_modules/npm/node_modules/iferr/index.js:13:50
178 silly fetchPackageMetaData     at /Users/raymo/.nvm/versions/node/v6.12.0/lib/node_modules/npm/lib/utils/pulse-till-done.js:20:8
178 silly fetchPackageMetaData     at saved (/Users/raymo/.nvm/versions/node/v6.12.0/lib/node_modules/npm/lib/cache/caching-client.js:174:7)
178 silly fetchPackageMetaData     at /Users/raymo/.nvm/versions/node/v6.12.0/lib/node_modules/npm/node_modules/graceful-fs/polyfills.js:241:18
178 silly fetchPackageMetaData     at FSReqWrap.oncomplete (fs.js:123:15) code: 'ETARGET' }
179 silly rollbackFailedOptional Starting
180 silly rollbackFailedOptional Finishing
181 silly runTopLevelLifecycles Finishing
182 silly install printInstalled
183 verbose stack Error: No compatible version found: @talentui/get-babel-config@^7.*-beta.32
183 verbose stack Valid install targets:
183 verbose stack 7.0.2-beta.32, 7.0.1-beta.32, 7.0.0-beta.32, 0.1.1, 0.1.0, 0.0.0, 0.0.0-development
183 verbose stack
183 verbose stack     at pickVersionFromRegistryDocument (/Users/raymo/.nvm/versions/node/v6.12.0/lib/node_modules/npm/lib/fetch-package-metadata.js:178:16)
183 verbose stack     at /Users/raymo/.nvm/versions/node/v6.12.0/lib/node_modules/npm/node_modules/iferr/index.js:13:50
183 verbose stack     at /Users/raymo/.nvm/versions/node/v6.12.0/lib/node_modules/npm/lib/utils/pulse-till-done.js:20:8
183 verbose stack     at saved (/Users/raymo/.nvm/versions/node/v6.12.0/lib/node_modules/npm/lib/cache/caching-client.js:174:7)
183 verbose stack     at /Users/raymo/.nvm/versions/node/v6.12.0/lib/node_modules/npm/node_modules/graceful-fs/polyfills.js:241:18
183 verbose stack     at FSReqWrap.oncomplete (fs.js:123:15)
184 verbose cwd /Users/raymo/Projects/TalentUI/jest-config
185 error Darwin 17.2.0
186 error argv "/Users/raymo/.nvm/versions/node/v6.12.0/bin/node" "/Users/raymo/.nvm/versions/node/v6.12.0/bin/npm" "install"
187 error node v6.12.0
188 error npm  v3.10.10
189 error code ETARGET
190 error notarget No compatible version found: @talentui/get-babel-config@^7.*-beta.32
190 error notarget Valid install targets:
190 error notarget 7.0.2-beta.32, 7.0.1-beta.32, 7.0.0-beta.32, 0.1.1, 0.1.0, 0.0.0, 0.0.0-development
191 error notarget This is most likely not a problem with npm itself.
191 error notarget In most cases you or one of your dependencies are requesting
191 error notarget a package version that doesn't exist.
191 error notarget
191 error notarget It was specified as a dependency of '@talentui/jest-config'
192 verbose exit [ 1, true ]
